[19:19:25] [Server thread/INFO]: Starting minecraft server version 1.15.2
[19:19:25] [Server thread/WARN]: To start the server with more ram, launch it as "java -Xmx1024M -Xms1024M -jar minecraft_server.jar"
[19:19:25] [Server thread/INFO]: Loading properties
[19:19:25] [Server thread/INFO]: This server is running CraftBukkit version git-Spigot-a99063f-8731c97 (MC: 1.15.2) (Implementing API version 1.15.2-R0.1-SNAPSHOT)
[19:19:25] [Server thread/INFO]: Debug logging is disabled
[19:19:25] [Server thread/INFO]: Using 4 threads for Netty based IO
[19:19:25] [Server thread/INFO]: Server Ping Player Sample Count: 12
[19:19:25] [Server thread/INFO]: Default game type: SURVIVAL
[19:19:25] [Server thread/INFO]: Generating keypair
[19:19:25] [Server thread/INFO]: Starting Minecraft server on *:25565
[19:19:25] [Server thread/INFO]: Using default channel type
[19:19:26] [Server thread/WARN]: **** SERVER IS RUNNING IN OFFLINE/INSECURE MODE!
[19:19:26] [Server thread/WARN]: The server will make no attempt to authenticate usernames. Beware.
[19:19:26] [Server thread/WARN]: While this makes the game possible to play without internet access, it also opens up the ability for hackers to connect with any username they choose.
[19:19:26] [Server thread/WARN]: To change this, set "online-mode" to "true" in the server.properties file.
[19:19:26] [Server thread/INFO]: Preparing level "world"
[19:19:26] [Server thread/INFO]: Found new data pack file/bukkit, loading it automatically
[19:19:26] [Server thread/INFO]: Found new data pack vanilla, loading it automatically
[19:19:26] [Server thread/INFO]: Reloading ResourceManager: Default, bukkit
[19:19:27] [Server thread/INFO]: Loaded 6 recipes
[19:19:27] [Server thread/INFO]: -------- World Settings For [world] --------
[19:19:27] [Server thread/INFO]: View Distance: 5
[19:19:27] [Server thread/INFO]: Allow Zombie Pigmen to spawn from portal blocks: true
[19:19:27] [Server thread/INFO]: Item Despawn Rate: 6000
[19:19:27] [Server thread/INFO]: Item Merge Radius: 2.5
[19:19:27] [Server thread/INFO]: Arrow Despawn Rate: 1200 Trident Respawn Rate:1200
[19:19:27] [Server thread/INFO]: Zombie Aggressive Towards Villager: true
[19:19:27] [Server thread/INFO]: Nerfing mobs spawned from spawners: false
[19:19:27] [Server thread/INFO]: Custom Map Seeds:  Village: 10387312 Desert: 14357617 Igloo: 14357618 Jungle: 14357619 Swamp: 14357620 Monument: 10387313 Ocean: 14357621 Shipwreck: 165745295 End City: 10387313 Slime: 987234911
[19:19:27] [Server thread/INFO]: Experience Merge Radius: 3.0
[19:19:27] [Server thread/INFO]: Hopper Transfer: 8 Hopper Check: 1 Hopper Amount: 1
[19:19:27] [Server thread/INFO]: Entity Activation Range: An 32 / Mo 32 / Ra 48 / Mi 16 / Tiv true
[19:19:27] [Server thread/INFO]: Entity Tracking Range: Pl 48 / An 48 / Mo 48 / Mi 32 / Other 64
[19:19:27] [Server thread/INFO]: Cactus Growth Modifier: 100%
[19:19:27] [Server thread/INFO]: Cane Growth Modifier: 100%
[19:19:27] [Server thread/INFO]: Melon Growth Modifier: 100%
[19:19:27] [Server thread/INFO]: Mushroom Growth Modifier: 100%
[19:19:27] [Server thread/INFO]: Pumpkin Growth Modifier: 100%
[19:19:27] [Server thread/INFO]: Sapling Growth Modifier: 100%
[19:19:27] [Server thread/INFO]: Beetroot Growth Modifier: 100%
[19:19:27] [Server thread/INFO]: Carrot Growth Modifier: 100%
[19:19:27] [Server thread/INFO]: Potato Growth Modifier: 100%
[19:19:27] [Server thread/INFO]: Wheat Growth Modifier: 100%
[19:19:27] [Server thread/INFO]: NetherWart Growth Modifier: 100%
[19:19:27] [Server thread/INFO]: Vine Growth Modifier: 100%
[19:19:27] [Server thread/INFO]: Cocoa Growth Modifier: 100%
[19:19:27] [Server thread/INFO]: Bamboo Growth Modifier: 100%
[19:19:27] [Server thread/INFO]: SweetBerry Growth Modifier: 100%
[19:19:27] [Server thread/INFO]: Kelp Growth Modifier: 100%
[19:19:27] [Server thread/INFO]: Mob Spawn Range: 6
[19:19:27] [Server thread/INFO]: Tile Max Tick Time: 50ms Entity max Tick Time: 50ms
[19:19:27] [Server thread/INFO]: Max TNT Explosions: 100
[19:19:33] [Server thread/INFO]: -------- World Settings For [world_nether] --------
[19:19:33] [Server thread/INFO]: View Distance: 5
[19:19:33] [Server thread/INFO]: Allow Zombie Pigmen to spawn from portal blocks: true
[19:19:33] [Server thread/INFO]: Item Despawn Rate: 6000
[19:19:33] [Server thread/INFO]: Item Merge Radius: 2.5
[19:19:33] [Server thread/INFO]: Arrow Despawn Rate: 1200 Trident Respawn Rate:1200
[19:19:33] [Server thread/INFO]: Zombie Aggressive Towards Villager: true
[19:19:33] [Server thread/INFO]: Nerfing mobs spawned from spawners: false
[19:19:33] [Server thread/INFO]: Custom Map Seeds:  Village: 10387312 Desert: 14357617 Igloo: 14357618 Jungle: 14357619 Swamp: 14357620 Monument: 10387313 Ocean: 14357621 Shipwreck: 165745295 End City: 10387313 Slime: 987234911
[19:19:33] [Server thread/INFO]: Experience Merge Radius: 3.0
[19:19:33] [Server thread/INFO]: Hopper Transfer: 8 Hopper Check: 1 Hopper Amount: 1
[19:19:33] [Server thread/INFO]: Entity Activation Range: An 32 / Mo 32 / Ra 48 / Mi 16 / Tiv true
[19:19:33] [Server thread/INFO]: Entity Tracking Range: Pl 48 / An 48 / Mo 48 / Mi 32 / Other 64
[19:19:33] [Server thread/INFO]: Cactus Growth Modifier: 100%
[19:19:33] [Server thread/INFO]: Cane Growth Modifier: 100%
[19:19:33] [Server thread/INFO]: Melon Growth Modifier: 100%
[19:19:33] [Server thread/INFO]: Mushroom Growth Modifier: 100%
[19:19:33] [Server thread/INFO]: Pumpkin Growth Modifier: 100%
[19:19:33] [Server thread/INFO]: Sapling Growth Modifier: 100%
[19:19:33] [Server thread/INFO]: Beetroot Growth Modifier: 100%
[19:19:33] [Server thread/INFO]: Carrot Growth Modifier: 100%
[19:19:33] [Server thread/INFO]: Potato Growth Modifier: 100%
[19:19:33] [Server thread/INFO]: Wheat Growth Modifier: 100%
[19:19:33] [Server thread/INFO]: NetherWart Growth Modifier: 100%
[19:19:33] [Server thread/INFO]: Vine Growth Modifier: 100%
[19:19:33] [Server thread/INFO]: Cocoa Growth Modifier: 100%
[19:19:33] [Server thread/INFO]: Bamboo Growth Modifier: 100%
[19:19:33] [Server thread/INFO]: SweetBerry Growth Modifier: 100%
[19:19:33] [Server thread/INFO]: Kelp Growth Modifier: 100%
[19:19:33] [Server thread/INFO]: Mob Spawn Range: 6
[19:19:33] [Server thread/INFO]: Tile Max Tick Time: 50ms Entity max Tick Time: 50ms
[19:19:33] [Server thread/INFO]: Max TNT Explosions: 100
[19:19:33] [Server thread/INFO]: -------- World Settings For [world_the_end] --------
[19:19:33] [Server thread/INFO]: View Distance: 5
[19:19:33] [Server thread/INFO]: Allow Zombie Pigmen to spawn from portal blocks: true
[19:19:33] [Server thread/INFO]: Item Despawn Rate: 6000
[19:19:33] [Server thread/INFO]: Item Merge Radius: 2.5
[19:19:33] [Server thread/INFO]: Arrow Despawn Rate: 1200 Trident Respawn Rate:1200
[19:19:33] [Server thread/INFO]: Zombie Aggressive Towards Villager: true
[19:19:33] [Server thread/INFO]: Nerfing mobs spawned from spawners: false
[19:19:33] [Server thread/INFO]: Custom Map Seeds:  Village: 10387312 Desert: 14357617 Igloo: 14357618 Jungle: 14357619 Swamp: 14357620 Monument: 10387313 Ocean: 14357621 Shipwreck: 165745295 End City: 10387313 Slime: 987234911
[19:19:33] [Server thread/INFO]: Experience Merge Radius: 3.0
[19:19:33] [Server thread/INFO]: Hopper Transfer: 8 Hopper Check: 1 Hopper Amount: 1
[19:19:33] [Server thread/INFO]: Entity Activation Range: An 32 / Mo 32 / Ra 48 / Mi 16 / Tiv true
[19:19:33] [Server thread/INFO]: Entity Tracking Range: Pl 48 / An 48 / Mo 48 / Mi 32 / Other 64
[19:19:33] [Server thread/INFO]: Cactus Growth Modifier: 100%
[19:19:33] [Server thread/INFO]: Cane Growth Modifier: 100%
[19:19:33] [Server thread/INFO]: Melon Growth Modifier: 100%
[19:19:33] [Server thread/INFO]: Mushroom Growth Modifier: 100%
[19:19:33] [Server thread/INFO]: Pumpkin Growth Modifier: 100%
[19:19:33] [Server thread/INFO]: Sapling Growth Modifier: 100%
[19:19:33] [Server thread/INFO]: Beetroot Growth Modifier: 100%
[19:19:33] [Server thread/INFO]: Carrot Growth Modifier: 100%
[19:19:33] [Server thread/INFO]: Potato Growth Modifier: 100%
[19:19:33] [Server thread/INFO]: Wheat Growth Modifier: 100%
[19:19:33] [Server thread/INFO]: NetherWart Growth Modifier: 100%
[19:19:33] [Server thread/INFO]: Vine Growth Modifier: 100%
[19:19:33] [Server thread/INFO]: Cocoa Growth Modifier: 100%
[19:19:33] [Server thread/INFO]: Bamboo Growth Modifier: 100%
[19:19:33] [Server thread/INFO]: SweetBerry Growth Modifier: 100%
[19:19:33] [Server thread/INFO]: Kelp Growth Modifier: 100%
[19:19:33] [Server thread/INFO]: Mob Spawn Range: 6
[19:19:33] [Server thread/INFO]: Tile Max Tick Time: 50ms Entity max Tick Time: 50ms
[19:19:33] [Server thread/INFO]: Max TNT Explosions: 100
[19:19:33] [Server thread/INFO]: Preparing start region for dimension 'world'/minecraft:overworld
[19:19:33] [Server-Worker-5/INFO]: Preparing spawn area: 0%
[19:19:33] [Server-Worker-6/INFO]: Preparing spawn area: 0%
[19:19:34] [Server-Worker-1/INFO]: Preparing spawn area: 0%
[19:19:34] [Server-Worker-5/INFO]: Preparing spawn area: 2%
[19:19:35] [Server-Worker-4/INFO]: Preparing spawn area: 2%
[19:19:35] [Server-Worker-6/INFO]: Preparing spawn area: 3%
[19:19:36] [Server-Worker-3/INFO]: Preparing spawn area: 4%
[19:19:36] [Server-Worker-5/INFO]: Preparing spawn area: 5%
[19:19:37] [Server-Worker-5/INFO]: Preparing spawn area: 6%
[19:19:37] [Server-Worker-1/INFO]: Preparing spawn area: 8%
[19:19:38] [Server-Worker-6/INFO]: Preparing spawn area: 9%
[19:19:38] [Server-Worker-5/INFO]: Preparing spawn area: 10%
[19:19:39] [Server-Worker-5/INFO]: Preparing spawn area: 10%
[19:19:39] [Server-Worker-2/INFO]: Preparing spawn area: 10%
[19:19:40] [Server-Worker-3/INFO]: Preparing spawn area: 15%
[19:19:40] [Server-Worker-5/INFO]: Preparing spawn area: 16%
[19:19:41] [Server-Worker-7/INFO]: Preparing spawn area: 17%
[19:19:41] [Server-Worker-2/INFO]: Preparing spawn area: 18%
[19:19:42] [Server-Worker-1/INFO]: Preparing spawn area: 19%
[19:19:42] [Server-Worker-7/INFO]: Preparing spawn area: 20%
[19:19:43] [Server-Worker-3/INFO]: Preparing spawn area: 22%
[19:19:43] [Server-Worker-3/INFO]: Preparing spawn area: 23%
[19:19:44] [Server-Worker-4/INFO]: Preparing spawn area: 24%
[19:19:44] [Server-Worker-5/INFO]: Preparing spawn area: 25%
[19:19:45] [Server-Worker-3/INFO]: Preparing spawn area: 27%
[19:19:45] [Server-Worker-3/INFO]: Preparing spawn area: 27%
[19:19:46] [Server-Worker-6/INFO]: Preparing spawn area: 29%
[19:19:46] [Server-Worker-4/INFO]: Preparing spawn area: 30%
[19:19:47] [Server-Worker-1/INFO]: Preparing spawn area: 31%
[19:19:47] [Server-Worker-7/INFO]: Preparing spawn area: 31%
[19:19:48] [Server-Worker-4/INFO]: Preparing spawn area: 34%
[19:19:48] [Server-Worker-4/INFO]: Preparing spawn area: 35%
[19:19:49] [Server-Worker-7/INFO]: Preparing spawn area: 36%
[19:19:49] [Server-Worker-3/INFO]: Preparing spawn area: 37%
[19:19:50] [Server-Worker-7/INFO]: Preparing spawn area: 38%
[19:19:50] [Server-Worker-7/INFO]: Preparing spawn area: 40%
[19:19:51] [Server-Worker-7/INFO]: Preparing spawn area: 41%
[19:19:52] [Server-Worker-2/INFO]: Preparing spawn area: 41%
[19:19:52] [Server-Worker-6/INFO]: Preparing spawn area: 44%
[19:19:52] [Server-Worker-5/INFO]: Preparing spawn area: 45%
[19:19:53] [Server-Worker-5/INFO]: Preparing spawn area: 46%
[19:19:53] [Server-Worker-5/INFO]: Preparing spawn area: 47%
[19:19:54] [Server-Worker-1/INFO]: Preparing spawn area: 48%
[19:19:54] [Server-Worker-4/INFO]: Preparing spawn area: 49%
[19:19:55] [Server-Worker-1/INFO]: Preparing spawn area: 51%
[19:19:55] [Server-Worker-4/INFO]: Preparing spawn area: 52%
[19:19:56] [Server-Worker-5/INFO]: Preparing spawn area: 53%
[19:19:56] [Server-Worker-2/INFO]: Preparing spawn area: 55%
[19:19:57] [Server-Worker-4/INFO]: Preparing spawn area: 55%
[19:19:57] [Server-Worker-4/INFO]: Preparing spawn area: 56%
[19:19:58] [Server-Worker-6/INFO]: Preparing spawn area: 56%
[19:19:58] [Server-Worker-5/INFO]: Preparing spawn area: 59%
[19:19:59] [Server-Worker-4/INFO]: Preparing spawn area: 59%
[19:19:59] [Server-Worker-7/INFO]: Preparing spawn area: 62%
[19:20:00] [Server-Worker-5/INFO]: Preparing spawn area: 63%
[19:20:00] [Server-Worker-2/INFO]: Preparing spawn area: 64%
[19:20:01] [Server-Worker-5/INFO]: Preparing spawn area: 66%
[19:20:01] [Server-Worker-4/INFO]: Preparing spawn area: 67%
[19:20:02] [Server-Worker-5/INFO]: Preparing spawn area: 68%
[19:20:02] [Server-Worker-2/INFO]: Preparing spawn area: 69%
[19:20:03] [Server-Worker-3/INFO]: Preparing spawn area: 71%
[19:20:03] [Server-Worker-5/INFO]: Preparing spawn area: 72%
[19:20:04] [Server-Worker-2/INFO]: Preparing spawn area: 73%
[19:20:04] [Server-Worker-5/INFO]: Preparing spawn area: 75%
[19:20:05] [Server-Worker-6/INFO]: Preparing spawn area: 76%
[19:20:05] [Server-Worker-7/INFO]: Preparing spawn area: 77%
[19:20:06] [Server-Worker-1/INFO]: Preparing spawn area: 78%
[19:20:06] [Server-Worker-2/INFO]: Preparing spawn area: 79%
[19:20:07] [Server-Worker-6/INFO]: Preparing spawn area: 81%
[19:20:08] [Server-Worker-1/INFO]: Preparing spawn area: 82%
[19:20:08] [Server-Worker-6/INFO]: Preparing spawn area: 82%
[19:20:08] [Server-Worker-1/INFO]: Preparing spawn area: 84%
[19:20:09] [Server-Worker-5/INFO]: Preparing spawn area: 86%
[19:20:09] [Server-Worker-2/INFO]: Preparing spawn area: 87%
[19:20:10] [Server-Worker-2/INFO]: Preparing spawn area: 88%
[19:20:10] [Server-Worker-5/INFO]: Preparing spawn area: 89%
[19:20:11] [Server-Worker-4/INFO]: Preparing spawn area: 90%
[19:20:11] [Server-Worker-5/INFO]: Preparing spawn area: 92%
[19:20:12] [Server-Worker-4/INFO]: Preparing spawn area: 93%
[19:20:13] [Server-Worker-4/INFO]: Preparing spawn area: 94%
[19:20:13] [Server-Worker-2/INFO]: Preparing spawn area: 96%
[19:20:13] [Server-Worker-1/INFO]: Preparing spawn area: 97%
[19:20:14] [Server-Worker-1/INFO]: Preparing spawn area: 99%
[19:20:14] [Server thread/INFO]: Time elapsed: 41271 ms
[19:20:14] [Server thread/INFO]: Preparing start region for dimension 'world_nether'/minecraft:the_nether
[19:20:14] [Server-Worker-4/INFO]: Preparing spawn area: 0%
[19:20:15] [Server-Worker-5/INFO]: Preparing spawn area: 0%
[19:20:15] [Server-Worker-3/INFO]: Preparing spawn area: 1%
[19:20:16] [Server-Worker-4/INFO]: Preparing spawn area: 4%
[19:20:16] [Server-Worker-6/INFO]: Preparing spawn area: 10%
[19:20:17] [Server-Worker-6/INFO]: Preparing spawn area: 14%
[19:20:17] [Server-Worker-2/INFO]: Preparing spawn area: 17%
[19:20:18] [Server-Worker-7/INFO]: Preparing spawn area: 25%
[19:20:18] [Server-Worker-2/INFO]: Preparing spawn area: 32%
[19:20:19] [Server-Worker-7/INFO]: Preparing spawn area: 38%
[19:20:19] [Server-Worker-6/INFO]: Preparing spawn area: 45%
[19:20:20] [Server-Worker-2/INFO]: Preparing spawn area: 51%
[19:20:20] [Server-Worker-1/INFO]: Preparing spawn area: 57%
[19:20:21] [Server-Worker-7/INFO]: Preparing spawn area: 61%
[19:20:21] [Server-Worker-2/INFO]: Preparing spawn area: 68%
[19:20:22] [Server-Worker-5/INFO]: Preparing spawn area: 72%
[19:20:22] [Server-Worker-1/INFO]: Preparing spawn area: 76%
[19:20:23] [Server-Worker-4/INFO]: Preparing spawn area: 83%
[19:20:23] [Server-Worker-4/INFO]: Preparing spawn area: 87%
[19:20:24] [Server-Worker-5/INFO]: Preparing spawn area: 90%
[19:20:24] [Server-Worker-4/INFO]: Preparing spawn area: 94%
[19:20:24] [Server thread/INFO]: Time elapsed: 10188 ms
[19:20:24] [Server thread/INFO]: Preparing start region for dimension 'world_the_end'/minecraft:the_end
[19:20:24] [Server-Worker-2/INFO]: Preparing spawn area: 0%
[19:20:25] [Server-Worker-6/INFO]: Preparing spawn area: 1%
[19:20:25] [Server-Worker-4/INFO]: Preparing spawn area: 24%
[19:20:26] [Server-Worker-6/INFO]: Preparing spawn area: 56%
[19:20:26] [Server-Worker-5/INFO]: Preparing spawn area: 98%
[19:20:26] [Server thread/INFO]: Time elapsed: 2012 ms
[19:20:26] [Server thread/INFO]: Done (60.627s)! For help, type "help"
