[19:27:26] [Server thread/INFO]: Starting minecraft server version 1.15.2
[19:27:26] [Server thread/WARN]: To start the server with more ram, launch it as "java -Xmx1024M -Xms1024M -jar minecraft_server.jar"
[19:27:26] [Server thread/INFO]: Loading properties
[19:27:27] [Server thread/INFO]: This server is running CraftBukkit version git-Spigot-a99063f-8731c97 (MC: 1.15.2) (Implementing API version 1.15.2-R0.1-SNAPSHOT)
[19:27:27] [Server thread/INFO]: Debug logging is disabled
[19:27:27] [Server thread/INFO]: Server Ping Player Sample Count: 12
[19:27:27] [Server thread/INFO]: Using 4 threads for Netty based IO
[19:27:27] [Server thread/INFO]: Default game type: SURVIVAL
[19:27:27] [Server thread/INFO]: Generating keypair
[19:27:27] [Server thread/INFO]: Starting Minecraft server on *:25565
[19:27:27] [Server thread/INFO]: Using default channel type
[19:27:27] [Server thread/WARN]: **** SERVER IS RUNNING IN OFFLINE/INSECURE MODE!
[19:27:27] [Server thread/WARN]: The server will make no attempt to authenticate usernames. Beware.
[19:27:27] [Server thread/WARN]: While this makes the game possible to play without internet access, it also opens up the ability for hackers to connect with any username they choose.
[19:27:27] [Server thread/WARN]: To change this, set "online-mode" to "true" in the server.properties file.
[19:27:27] [Server thread/INFO]: Preparing level "world"
[19:27:27] [Server thread/INFO]: Found new data pack file/bukkit, loading it automatically
[19:27:27] [Server thread/INFO]: Found new data pack vanilla, loading it automatically
[19:27:27] [Server thread/INFO]: Reloading ResourceManager: Default, bukkit
[19:27:28] [Server thread/INFO]: Loaded 6 recipes
[19:27:28] [Server thread/INFO]: -------- World Settings For [world] --------
[19:27:28] [Server thread/INFO]: View Distance: 5
[19:27:28] [Server thread/INFO]: Allow Zombie Pigmen to spawn from portal blocks: true
[19:27:28] [Server thread/INFO]: Item Merge Radius: 2.5
[19:27:28] [Server thread/INFO]: Item Despawn Rate: 6000
[19:27:28] [Server thread/INFO]: Arrow Despawn Rate: 1200 Trident Respawn Rate:1200
[19:27:28] [Server thread/INFO]: Zombie Aggressive Towards Villager: true
[19:27:28] [Server thread/INFO]: Nerfing mobs spawned from spawners: false
[19:27:28] [Server thread/INFO]: Custom Map Seeds:  Village: 10387312 Desert: 14357617 Igloo: 14357618 Jungle: 14357619 Swamp: 14357620 Monument: 10387313 Ocean: 14357621 Shipwreck: 165745295 End City: 10387313 Slime: 987234911
[19:27:28] [Server thread/INFO]: Mob Spawn Range: 6
[19:27:28] [Server thread/INFO]: Cactus Growth Modifier: 100%
[19:27:28] [Server thread/INFO]: Cane Growth Modifier: 100%
[19:27:28] [Server thread/INFO]: Melon Growth Modifier: 100%
[19:27:28] [Server thread/INFO]: Mushroom Growth Modifier: 100%
[19:27:28] [Server thread/INFO]: Pumpkin Growth Modifier: 100%
[19:27:28] [Server thread/INFO]: Sapling Growth Modifier: 100%
[19:27:28] [Server thread/INFO]: Beetroot Growth Modifier: 100%
[19:27:28] [Server thread/INFO]: Carrot Growth Modifier: 100%
[19:27:28] [Server thread/INFO]: Potato Growth Modifier: 100%
[19:27:28] [Server thread/INFO]: Wheat Growth Modifier: 100%
[19:27:28] [Server thread/INFO]: NetherWart Growth Modifier: 100%
[19:27:28] [Server thread/INFO]: Vine Growth Modifier: 100%
[19:27:28] [Server thread/INFO]: Cocoa Growth Modifier: 100%
[19:27:28] [Server thread/INFO]: Bamboo Growth Modifier: 100%
[19:27:28] [Server thread/INFO]: SweetBerry Growth Modifier: 100%
[19:27:28] [Server thread/INFO]: Kelp Growth Modifier: 100%
[19:27:28] [Server thread/INFO]: Entity Activation Range: An 32 / Mo 32 / Ra 48 / Mi 16 / Tiv true
[19:27:28] [Server thread/INFO]: Entity Tracking Range: Pl 48 / An 48 / Mo 48 / Mi 32 / Other 64
[19:27:28] [Server thread/INFO]: Hopper Transfer: 8 Hopper Check: 1 Hopper Amount: 1
[19:27:28] [Server thread/INFO]: Tile Max Tick Time: 50ms Entity max Tick Time: 50ms
[19:27:28] [Server thread/INFO]: Max TNT Explosions: 100
[19:27:28] [Server thread/INFO]: Experience Merge Radius: 3.0
[19:27:36] [Server thread/INFO]: -------- World Settings For [world_nether] --------
[19:27:36] [Server thread/INFO]: View Distance: 5
[19:27:36] [Server thread/INFO]: Allow Zombie Pigmen to spawn from portal blocks: true
[19:27:36] [Server thread/INFO]: Item Merge Radius: 2.5
[19:27:36] [Server thread/INFO]: Item Despawn Rate: 6000
[19:27:36] [Server thread/INFO]: Arrow Despawn Rate: 1200 Trident Respawn Rate:1200
[19:27:36] [Server thread/INFO]: Zombie Aggressive Towards Villager: true
[19:27:36] [Server thread/INFO]: Nerfing mobs spawned from spawners: false
[19:27:36] [Server thread/INFO]: Custom Map Seeds:  Village: 10387312 Desert: 14357617 Igloo: 14357618 Jungle: 14357619 Swamp: 14357620 Monument: 10387313 Ocean: 14357621 Shipwreck: 165745295 End City: 10387313 Slime: 987234911
[19:27:36] [Server thread/INFO]: Mob Spawn Range: 6
[19:27:36] [Server thread/INFO]: Cactus Growth Modifier: 100%
[19:27:36] [Server thread/INFO]: Cane Growth Modifier: 100%
[19:27:36] [Server thread/INFO]: Melon Growth Modifier: 100%
[19:27:36] [Server thread/INFO]: Mushroom Growth Modifier: 100%
[19:27:36] [Server thread/INFO]: Pumpkin Growth Modifier: 100%
[19:27:36] [Server thread/INFO]: Sapling Growth Modifier: 100%
[19:27:36] [Server thread/INFO]: Beetroot Growth Modifier: 100%
[19:27:36] [Server thread/INFO]: Carrot Growth Modifier: 100%
[19:27:36] [Server thread/INFO]: Potato Growth Modifier: 100%
[19:27:36] [Server thread/INFO]: Wheat Growth Modifier: 100%
[19:27:36] [Server thread/INFO]: NetherWart Growth Modifier: 100%
[19:27:36] [Server thread/INFO]: Vine Growth Modifier: 100%
[19:27:36] [Server thread/INFO]: Cocoa Growth Modifier: 100%
[19:27:36] [Server thread/INFO]: Bamboo Growth Modifier: 100%
[19:27:36] [Server thread/INFO]: SweetBerry Growth Modifier: 100%
[19:27:36] [Server thread/INFO]: Kelp Growth Modifier: 100%
[19:27:36] [Server thread/INFO]: Entity Activation Range: An 32 / Mo 32 / Ra 48 / Mi 16 / Tiv true
[19:27:36] [Server thread/INFO]: Entity Tracking Range: Pl 48 / An 48 / Mo 48 / Mi 32 / Other 64
[19:27:36] [Server thread/INFO]: Hopper Transfer: 8 Hopper Check: 1 Hopper Amount: 1
[19:27:36] [Server thread/INFO]: Tile Max Tick Time: 50ms Entity max Tick Time: 50ms
[19:27:36] [Server thread/INFO]: Max TNT Explosions: 100
[19:27:36] [Server thread/INFO]: Experience Merge Radius: 3.0
[19:27:36] [Server thread/INFO]: -------- World Settings For [world_the_end] --------
[19:27:36] [Server thread/INFO]: View Distance: 5
[19:27:36] [Server thread/INFO]: Allow Zombie Pigmen to spawn from portal blocks: true
[19:27:36] [Server thread/INFO]: Item Merge Radius: 2.5
[19:27:36] [Server thread/INFO]: Item Despawn Rate: 6000
[19:27:36] [Server thread/INFO]: Arrow Despawn Rate: 1200 Trident Respawn Rate:1200
[19:27:36] [Server thread/INFO]: Zombie Aggressive Towards Villager: true
[19:27:36] [Server thread/INFO]: Nerfing mobs spawned from spawners: false
[19:27:36] [Server thread/INFO]: Custom Map Seeds:  Village: 10387312 Desert: 14357617 Igloo: 14357618 Jungle: 14357619 Swamp: 14357620 Monument: 10387313 Ocean: 14357621 Shipwreck: 165745295 End City: 10387313 Slime: 987234911
[19:27:36] [Server thread/INFO]: Mob Spawn Range: 6
[19:27:36] [Server thread/INFO]: Cactus Growth Modifier: 100%
[19:27:36] [Server thread/INFO]: Cane Growth Modifier: 100%
[19:27:36] [Server thread/INFO]: Melon Growth Modifier: 100%
[19:27:36] [Server thread/INFO]: Mushroom Growth Modifier: 100%
[19:27:36] [Server thread/INFO]: Pumpkin Growth Modifier: 100%
[19:27:36] [Server thread/INFO]: Sapling Growth Modifier: 100%
[19:27:36] [Server thread/INFO]: Beetroot Growth Modifier: 100%
[19:27:36] [Server thread/INFO]: Carrot Growth Modifier: 100%
[19:27:36] [Server thread/INFO]: Potato Growth Modifier: 100%
[19:27:36] [Server thread/INFO]: Wheat Growth Modifier: 100%
[19:27:36] [Server thread/INFO]: NetherWart Growth Modifier: 100%
[19:27:36] [Server thread/INFO]: Vine Growth Modifier: 100%
[19:27:36] [Server thread/INFO]: Cocoa Growth Modifier: 100%
[19:27:36] [Server thread/INFO]: Bamboo Growth Modifier: 100%
[19:27:36] [Server thread/INFO]: SweetBerry Growth Modifier: 100%
[19:27:36] [Server thread/INFO]: Kelp Growth Modifier: 100%
[19:27:36] [Server thread/INFO]: Entity Activation Range: An 32 / Mo 32 / Ra 48 / Mi 16 / Tiv true
[19:27:36] [Server thread/INFO]: Entity Tracking Range: Pl 48 / An 48 / Mo 48 / Mi 32 / Other 64
[19:27:36] [Server thread/INFO]: Hopper Transfer: 8 Hopper Check: 1 Hopper Amount: 1
[19:27:36] [Server thread/INFO]: Tile Max Tick Time: 50ms Entity max Tick Time: 50ms
[19:27:36] [Server thread/INFO]: Max TNT Explosions: 100
[19:27:36] [Server thread/INFO]: Experience Merge Radius: 3.0
[19:27:36] [Server thread/INFO]: Preparing start region for dimension 'world'/minecraft:overworld
[19:27:36] [Server-Worker-4/INFO]: Preparing spawn area: 0%
[19:27:37] [Server-Worker-1/INFO]: Preparing spawn area: 0%
[19:27:37] [Server-Worker-3/INFO]: Preparing spawn area: 1%
[19:27:38] [Server-Worker-5/INFO]: Preparing spawn area: 3%
[19:27:38] [Server-Worker-1/INFO]: Preparing spawn area: 3%
[19:27:39] [Server-Worker-6/INFO]: Preparing spawn area: 4%
[19:27:39] [Server-Worker-1/INFO]: Preparing spawn area: 8%
[19:27:40] [Server-Worker-5/INFO]: Preparing spawn area: 8%
[19:27:40] [Server-Worker-5/INFO]: Preparing spawn area: 15%
[19:27:41] [Server-Worker-4/INFO]: Preparing spawn area: 18%
[19:27:41] [Server-Worker-1/INFO]: Preparing spawn area: 21%
[19:27:42] [Server-Worker-2/INFO]: Preparing spawn area: 23%
[19:27:42] [Server-Worker-5/INFO]: Preparing spawn area: 24%
[19:27:43] [Server-Worker-5/INFO]: Preparing spawn area: 26%
[19:27:43] [Server-Worker-5/INFO]: Preparing spawn area: 26%
[19:27:44] [Server-Worker-2/INFO]: Preparing spawn area: 26%
[19:27:44] [Server-Worker-7/INFO]: Preparing spawn area: 26%
[19:27:45] [Server-Worker-5/INFO]: Preparing spawn area: 34%
[19:27:45] [Server-Worker-2/INFO]: Preparing spawn area: 34%
[19:27:46] [Server-Worker-7/INFO]: Preparing spawn area: 42%
[19:27:46] [Server-Worker-1/INFO]: Preparing spawn area: 43%
[19:27:47] [Server-Worker-3/INFO]: Preparing spawn area: 45%
[19:27:47] [Server-Worker-7/INFO]: Preparing spawn area: 45%
[19:27:48] [Server-Worker-7/INFO]: Preparing spawn area: 49%
[19:27:48] [Server-Worker-3/INFO]: Preparing spawn area: 52%
[19:27:49] [Server-Worker-1/INFO]: Preparing spawn area: 52%
[19:27:49] [Server-Worker-3/INFO]: Preparing spawn area: 57%
[19:27:50] [Server-Worker-7/INFO]: Preparing spawn area: 59%
[19:27:50] [Server-Worker-4/INFO]: Preparing spawn area: 62%
[19:27:51] [Server-Worker-5/INFO]: Preparing spawn area: 64%
[19:27:51] [Server-Worker-3/INFO]: Preparing spawn area: 66%
[19:27:52] [Server-Worker-7/INFO]: Preparing spawn area: 68%
[19:27:52] [Server-Worker-3/INFO]: Preparing spawn area: 70%
[19:27:53] [Server-Worker-2/INFO]: Preparing spawn area: 72%
[19:27:53] [Server-Worker-2/INFO]: Preparing spawn area: 74%
[19:27:54] [Server-Worker-2/INFO]: Preparing spawn area: 76%
[19:27:54] [Server-Worker-1/INFO]: Preparing spawn area: 79%
[19:27:56] [Server-Worker-3/INFO]: Preparing spawn area: 81%
[19:27:56] [Server-Worker-5/INFO]: Preparing spawn area: 81%
[19:27:56] [Server-Worker-3/INFO]: Preparing spawn area: 81%
[19:27:56] [Server-Worker-1/INFO]: Preparing spawn area: 87%
[19:27:57] [Server-Worker-7/INFO]: Preparing spawn area: 88%
[19:27:58] [Server-Worker-6/INFO]: Preparing spawn area: 92%
[19:27:58] [Server-Worker-6/INFO]: Preparing spawn area: 95%
[19:27:58] [Server-Worker-7/INFO]: Preparing spawn area: 97%
[19:27:59] [Server-Worker-5/INFO]: Preparing spawn area: 99%
[19:27:59] [Server thread/INFO]: Time elapsed: 22528 ms
[19:27:59] [Server thread/INFO]: Preparing start region for dimension 'world_nether'/minecraft:the_nether
[19:27:59] [Server-Worker-7/INFO]: Preparing spawn area: 0%
[19:27:59] [Server-Worker-4/INFO]: Preparing spawn area: 0%
[19:28:00] [Server-Worker-1/INFO]: Preparing spawn area: 1%
[19:28:00] [Server-Worker-6/INFO]: Preparing spawn area: 4%
[19:28:01] [Server-Worker-2/INFO]: Preparing spawn area: 9%
[19:28:01] [Server-Worker-4/INFO]: Preparing spawn area: 13%
[19:28:02] [Server-Worker-5/INFO]: Preparing spawn area: 15%
[19:28:02] [Server-Worker-6/INFO]: Preparing spawn area: 17%
[19:28:03] [Server-Worker-2/INFO]: Preparing spawn area: 27%
[19:28:03] [Server-Worker-7/INFO]: Preparing spawn area: 31%
[19:28:04] [Server-Worker-5/INFO]: Preparing spawn area: 39%
[19:28:04] [Server-Worker-5/INFO]: Preparing spawn area: 42%
[19:28:05] [Server-Worker-6/INFO]: Preparing spawn area: 52%
[19:28:05] [Server-Worker-1/INFO]: Preparing spawn area: 54%
[19:28:06] [Server-Worker-6/INFO]: Preparing spawn area: 62%
[19:28:06] [Server-Worker-2/INFO]: Preparing spawn area: 70%
[19:28:07] [Server-Worker-1/INFO]: Preparing spawn area: 76%
[19:28:07] [Server-Worker-2/INFO]: Preparing spawn area: 88%
[19:28:08] [Server-Worker-3/INFO]: Preparing spawn area: 94%
[19:28:08] [Server thread/INFO]: Time elapsed: 9376 ms
[19:28:08] [Server thread/INFO]: Preparing start region for dimension 'world_the_end'/minecraft:the_end
[19:28:08] [Server-Worker-7/INFO]: Preparing spawn area: 0%
[19:28:09] [Server-Worker-5/INFO]: Preparing spawn area: 3%
[19:28:09] [Server-Worker-2/INFO]: Preparing spawn area: 23%
[19:28:10] [Server-Worker-1/INFO]: Preparing spawn area: 54%
[19:28:10] [Server-Worker-4/INFO]: Preparing spawn area: 88%
[19:28:10] [Server thread/INFO]: Time elapsed: 2138 ms
[19:28:10] [Server thread/INFO]: Done (42.908s)! For help, type "help"
