[19:28:19] [Server thread/INFO]: Starting minecraft server version 1.15.2
[19:28:19] [Server thread/WARN]: To start the server with more ram, launch it as "java -Xmx1024M -Xms1024M -jar minecraft_server.jar"
[19:28:19] [Server thread/INFO]: Loading properties
[19:28:20] [Server thread/INFO]: This server is running CraftBukkit version git-Spigot-a99063f-8731c97 (MC: 1.15.2) (Implementing API version 1.15.2-R0.1-SNAPSHOT)
[19:28:20] [Server thread/INFO]: Debug logging is disabled
[19:28:20] [Server thread/INFO]: Server Ping Player Sample Count: 12
[19:28:20] [Server thread/INFO]: Using 4 threads for Netty based IO
[19:28:20] [Server thread/INFO]: Default game type: SURVIVAL
[19:28:20] [Server thread/INFO]: Generating keypair
[19:28:20] [Server thread/INFO]: Starting Minecraft server on *:25565
[19:28:20] [Server thread/INFO]: Using default channel type
[19:28:21] [Server thread/WARN]: **** SERVER IS RUNNING IN OFFLINE/INSECURE MODE!
[19:28:21] [Server thread/WARN]: The server will make no attempt to authenticate usernames. Beware.
[19:28:21] [Server thread/WARN]: While this makes the game possible to play without internet access, it also opens up the ability for hackers to connect with any username they choose.
[19:28:21] [Server thread/WARN]: To change this, set "online-mode" to "true" in the server.properties file.
[19:28:21] [Server thread/INFO]: Preparing level "world"
[19:28:21] [Server thread/INFO]: Found new data pack file/bukkit, loading it automatically
[19:28:21] [Server thread/INFO]: Found new data pack vanilla, loading it automatically
[19:28:21] [Server thread/INFO]: Reloading ResourceManager: Default, bukkit
[19:28:21] [Server thread/INFO]: Loaded 6 recipes
[19:28:21] [Server thread/INFO]: -------- World Settings For [world] --------
[19:28:21] [Server thread/INFO]: View Distance: 5
[19:28:21] [Server thread/INFO]: Allow Zombie Pigmen to spawn from portal blocks: true
[19:28:21] [Server thread/INFO]: Item Despawn Rate: 6000
[19:28:21] [Server thread/INFO]: Item Merge Radius: 2.5
[19:28:21] [Server thread/INFO]: Arrow Despawn Rate: 1200 Trident Respawn Rate:1200
[19:28:21] [Server thread/INFO]: Nerfing mobs spawned from spawners: false
[19:28:21] [Server thread/INFO]: Zombie Aggressive Towards Villager: true
[19:28:21] [Server thread/INFO]: Custom Map Seeds:  Village: 10387312 Desert: 14357617 Igloo: 14357618 Jungle: 14357619 Swamp: 14357620 Monument: 10387313 Ocean: 14357621 Shipwreck: 165745295 End City: 10387313 Slime: 987234911
[19:28:21] [Server thread/INFO]: Experience Merge Radius: 3.0
[19:28:21] [Server thread/INFO]: Hopper Transfer: 8 Hopper Check: 1 Hopper Amount: 1
[19:28:21] [Server thread/INFO]: Mob Spawn Range: 6
[19:28:21] [Server thread/INFO]: Entity Tracking Range: Pl 48 / An 48 / Mo 48 / Mi 32 / Other 64
[19:28:21] [Server thread/INFO]: Cactus Growth Modifier: 100%
[19:28:21] [Server thread/INFO]: Cane Growth Modifier: 100%
[19:28:21] [Server thread/INFO]: Melon Growth Modifier: 100%
[19:28:21] [Server thread/INFO]: Mushroom Growth Modifier: 100%
[19:28:21] [Server thread/INFO]: Pumpkin Growth Modifier: 100%
[19:28:21] [Server thread/INFO]: Sapling Growth Modifier: 100%
[19:28:21] [Server thread/INFO]: Beetroot Growth Modifier: 100%
[19:28:21] [Server thread/INFO]: Carrot Growth Modifier: 100%
[19:28:21] [Server thread/INFO]: Potato Growth Modifier: 100%
[19:28:21] [Server thread/INFO]: Wheat Growth Modifier: 100%
[19:28:21] [Server thread/INFO]: NetherWart Growth Modifier: 100%
[19:28:21] [Server thread/INFO]: Vine Growth Modifier: 100%
[19:28:21] [Server thread/INFO]: Cocoa Growth Modifier: 100%
[19:28:21] [Server thread/INFO]: Bamboo Growth Modifier: 100%
[19:28:21] [Server thread/INFO]: SweetBerry Growth Modifier: 100%
[19:28:21] [Server thread/INFO]: Kelp Growth Modifier: 100%
[19:28:21] [Server thread/INFO]: Entity Activation Range: An 32 / Mo 32 / Ra 48 / Mi 16 / Tiv true
[19:28:21] [Server thread/INFO]: Tile Max Tick Time: 50ms Entity max Tick Time: 50ms
[19:28:21] [Server thread/INFO]: Max TNT Explosions: 100
[19:28:29] [Server thread/INFO]: -------- World Settings For [world_nether] --------
[19:28:29] [Server thread/INFO]: View Distance: 5
[19:28:29] [Server thread/INFO]: Allow Zombie Pigmen to spawn from portal blocks: true
[19:28:29] [Server thread/INFO]: Item Despawn Rate: 6000
[19:28:29] [Server thread/INFO]: Item Merge Radius: 2.5
[19:28:29] [Server thread/INFO]: Arrow Despawn Rate: 1200 Trident Respawn Rate:1200
[19:28:29] [Server thread/INFO]: Nerfing mobs spawned from spawners: false
[19:28:29] [Server thread/INFO]: Zombie Aggressive Towards Villager: true
[19:28:29] [Server thread/INFO]: Custom Map Seeds:  Village: 10387312 Desert: 14357617 Igloo: 14357618 Jungle: 14357619 Swamp: 14357620 Monument: 10387313 Ocean: 14357621 Shipwreck: 165745295 End City: 10387313 Slime: 987234911
[19:28:29] [Server thread/INFO]: Experience Merge Radius: 3.0
[19:28:29] [Server thread/INFO]: Hopper Transfer: 8 Hopper Check: 1 Hopper Amount: 1
[19:28:29] [Server thread/INFO]: Mob Spawn Range: 6
[19:28:29] [Server thread/INFO]: Entity Tracking Range: Pl 48 / An 48 / Mo 48 / Mi 32 / Other 64
[19:28:29] [Server thread/INFO]: Cactus Growth Modifier: 100%
[19:28:29] [Server thread/INFO]: Cane Growth Modifier: 100%
[19:28:29] [Server thread/INFO]: Melon Growth Modifier: 100%
[19:28:29] [Server thread/INFO]: Mushroom Growth Modifier: 100%
[19:28:29] [Server thread/INFO]: Pumpkin Growth Modifier: 100%
[19:28:29] [Server thread/INFO]: Sapling Growth Modifier: 100%
[19:28:29] [Server thread/INFO]: Beetroot Growth Modifier: 100%
[19:28:29] [Server thread/INFO]: Carrot Growth Modifier: 100%
[19:28:29] [Server thread/INFO]: Potato Growth Modifier: 100%
[19:28:29] [Server thread/INFO]: Wheat Growth Modifier: 100%
[19:28:29] [Server thread/INFO]: NetherWart Growth Modifier: 100%
[19:28:29] [Server thread/INFO]: Vine Growth Modifier: 100%
[19:28:29] [Server thread/INFO]: Cocoa Growth Modifier: 100%
[19:28:29] [Server thread/INFO]: Bamboo Growth Modifier: 100%
[19:28:29] [Server thread/INFO]: SweetBerry Growth Modifier: 100%
[19:28:29] [Server thread/INFO]: Kelp Growth Modifier: 100%
[19:28:29] [Server thread/INFO]: Entity Activation Range: An 32 / Mo 32 / Ra 48 / Mi 16 / Tiv true
[19:28:29] [Server thread/INFO]: Tile Max Tick Time: 50ms Entity max Tick Time: 50ms
[19:28:29] [Server thread/INFO]: Max TNT Explosions: 100
[19:28:29] [Server thread/INFO]: -------- World Settings For [world_the_end] --------
[19:28:29] [Server thread/INFO]: View Distance: 5
[19:28:29] [Server thread/INFO]: Allow Zombie Pigmen to spawn from portal blocks: true
[19:28:29] [Server thread/INFO]: Item Despawn Rate: 6000
[19:28:29] [Server thread/INFO]: Item Merge Radius: 2.5
[19:28:29] [Server thread/INFO]: Arrow Despawn Rate: 1200 Trident Respawn Rate:1200
[19:28:29] [Server thread/INFO]: Nerfing mobs spawned from spawners: false
[19:28:29] [Server thread/INFO]: Zombie Aggressive Towards Villager: true
[19:28:29] [Server thread/INFO]: Custom Map Seeds:  Village: 10387312 Desert: 14357617 Igloo: 14357618 Jungle: 14357619 Swamp: 14357620 Monument: 10387313 Ocean: 14357621 Shipwreck: 165745295 End City: 10387313 Slime: 987234911
[19:28:29] [Server thread/INFO]: Experience Merge Radius: 3.0
[19:28:29] [Server thread/INFO]: Hopper Transfer: 8 Hopper Check: 1 Hopper Amount: 1
[19:28:29] [Server thread/INFO]: Mob Spawn Range: 6
[19:28:29] [Server thread/INFO]: Entity Tracking Range: Pl 48 / An 48 / Mo 48 / Mi 32 / Other 64
[19:28:29] [Server thread/INFO]: Cactus Growth Modifier: 100%
[19:28:29] [Server thread/INFO]: Cane Growth Modifier: 100%
[19:28:29] [Server thread/INFO]: Melon Growth Modifier: 100%
[19:28:29] [Server thread/INFO]: Mushroom Growth Modifier: 100%
[19:28:29] [Server thread/INFO]: Pumpkin Growth Modifier: 100%
[19:28:29] [Server thread/INFO]: Sapling Growth Modifier: 100%
[19:28:29] [Server thread/INFO]: Beetroot Growth Modifier: 100%
[19:28:29] [Server thread/INFO]: Carrot Growth Modifier: 100%
[19:28:29] [Server thread/INFO]: Potato Growth Modifier: 100%
[19:28:29] [Server thread/INFO]: Wheat Growth Modifier: 100%
[19:28:29] [Server thread/INFO]: NetherWart Growth Modifier: 100%
[19:28:29] [Server thread/INFO]: Vine Growth Modifier: 100%
[19:28:29] [Server thread/INFO]: Cocoa Growth Modifier: 100%
[19:28:29] [Server thread/INFO]: Bamboo Growth Modifier: 100%
[19:28:29] [Server thread/INFO]: SweetBerry Growth Modifier: 100%
[19:28:29] [Server thread/INFO]: Kelp Growth Modifier: 100%
[19:28:29] [Server thread/INFO]: Entity Activation Range: An 32 / Mo 32 / Ra 48 / Mi 16 / Tiv true
[19:28:29] [Server thread/INFO]: Tile Max Tick Time: 50ms Entity max Tick Time: 50ms
[19:28:29] [Server thread/INFO]: Max TNT Explosions: 100
[19:28:29] [Server thread/INFO]: Preparing start region for dimension 'world'/minecraft:overworld
[19:28:29] [Server-Worker-1/INFO]: Preparing spawn area: 0%
[19:28:29] [Server-Worker-5/INFO]: Preparing spawn area: 0%
[19:28:30] [Server-Worker-6/INFO]: Preparing spawn area: 2%
[19:28:30] [Server-Worker-3/INFO]: Preparing spawn area: 3%
[19:28:31] [Server-Worker-6/INFO]: Preparing spawn area: 5%
[19:28:31] [Server-Worker-1/INFO]: Preparing spawn area: 7%
[19:28:32] [Server-Worker-6/INFO]: Preparing spawn area: 9%
[19:28:32] [Server-Worker-4/INFO]: Preparing spawn area: 11%
[19:28:33] [Server-Worker-2/INFO]: Preparing spawn area: 12%
[19:28:33] [Server-Worker-7/INFO]: Preparing spawn area: 12%
[19:28:34] [Server-Worker-7/INFO]: Preparing spawn area: 15%
[19:28:34] [Server-Worker-2/INFO]: Preparing spawn area: 18%
[19:28:35] [Server-Worker-3/INFO]: Preparing spawn area: 18%
[19:28:35] [Server-Worker-6/INFO]: Preparing spawn area: 22%
[19:28:36] [Server-Worker-1/INFO]: Preparing spawn area: 24%
[19:28:36] [Server-Worker-6/INFO]: Preparing spawn area: 24%
[19:28:37] [Server-Worker-2/INFO]: Preparing spawn area: 29%
[19:28:37] [Server-Worker-2/INFO]: Preparing spawn area: 32%
[19:28:38] [Server-Worker-3/INFO]: Preparing spawn area: 33%
[19:28:38] [Server-Worker-2/INFO]: Preparing spawn area: 35%
[19:28:39] [Server-Worker-2/INFO]: Preparing spawn area: 36%
[19:28:39] [Server-Worker-2/INFO]: Preparing spawn area: 37%
[19:28:40] [Server-Worker-2/INFO]: Preparing spawn area: 37%
[19:28:40] [Server-Worker-3/INFO]: Preparing spawn area: 37%
[19:28:41] [Server-Worker-3/INFO]: Preparing spawn area: 37%
[19:28:41] [Server-Worker-6/INFO]: Preparing spawn area: 45%
[19:28:42] [Server-Worker-2/INFO]: Preparing spawn area: 47%
[19:28:42] [Server-Worker-5/INFO]: Preparing spawn area: 49%
[19:28:43] [Server-Worker-6/INFO]: Preparing spawn area: 49%
[19:28:43] [Server-Worker-3/INFO]: Preparing spawn area: 49%
[19:28:44] [Server-Worker-2/INFO]: Preparing spawn area: 55%
[19:28:44] [Server-Worker-7/INFO]: Preparing spawn area: 56%
[19:28:45] [Server-Worker-2/INFO]: Preparing spawn area: 58%
[19:28:45] [Server-Worker-3/INFO]: Preparing spawn area: 60%
[19:28:46] [Server-Worker-5/INFO]: Preparing spawn area: 62%
[19:28:46] [Server-Worker-5/INFO]: Preparing spawn area: 65%
[19:28:47] [Server-Worker-1/INFO]: Preparing spawn area: 67%
[19:28:47] [Server-Worker-3/INFO]: Preparing spawn area: 69%
[19:28:48] [Server-Worker-4/INFO]: Preparing spawn area: 70%
[19:28:48] [Server-Worker-1/INFO]: Preparing spawn area: 72%
[19:28:49] [Server-Worker-7/INFO]: Preparing spawn area: 74%
[19:28:49] [Server-Worker-6/INFO]: Preparing spawn area: 75%
[19:28:50] [Server-Worker-4/INFO]: Preparing spawn area: 77%
[19:28:50] [Server-Worker-1/INFO]: Preparing spawn area: 77%
[19:28:51] [Server-Worker-6/INFO]: Preparing spawn area: 82%
[19:28:51] [Server-Worker-3/INFO]: Preparing spawn area: 84%
[19:28:52] [Server-Worker-6/INFO]: Preparing spawn area: 86%
[19:28:52] [Server-Worker-6/INFO]: Preparing spawn area: 87%
[19:28:53] [Server-Worker-3/INFO]: Preparing spawn area: 88%
[19:28:53] [Server-Worker-5/INFO]: Preparing spawn area: 89%
[19:28:54] [Server-Worker-4/INFO]: Preparing spawn area: 91%
[19:28:54] [Server-Worker-1/INFO]: Preparing spawn area: 93%
[19:28:55] [Server-Worker-3/INFO]: Preparing spawn area: 94%
[19:28:55] [Server-Worker-6/INFO]: Preparing spawn area: 94%
[19:28:56] [Server-Worker-3/INFO]: Preparing spawn area: 99%
[19:28:56] [Server thread/INFO]: Time elapsed: 27054 ms
[19:28:56] [Server thread/INFO]: Preparing start region for dimension 'world_nether'/minecraft:the_nether
[19:28:56] [Server-Worker-2/INFO]: Preparing spawn area: 0%
[19:28:56] [Server-Worker-6/INFO]: Preparing spawn area: 0%
[19:28:57] [Server-Worker-7/INFO]: Preparing spawn area: 1%
[19:28:57] [Server-Worker-1/INFO]: Preparing spawn area: 6%
[19:28:58] [Server-Worker-6/INFO]: Preparing spawn area: 11%
[19:28:58] [Server-Worker-7/INFO]: Preparing spawn area: 14%
[19:28:59] [Server-Worker-3/INFO]: Preparing spawn area: 18%
[19:28:59] [Server-Worker-5/INFO]: Preparing spawn area: 22%
[19:29:00] [Server-Worker-4/INFO]: Preparing spawn area: 27%
[19:29:00] [Server-Worker-1/INFO]: Preparing spawn area: 33%
[19:29:01] [Server-Worker-4/INFO]: Preparing spawn area: 36%
[19:29:01] [Server-Worker-2/INFO]: Preparing spawn area: 44%
[19:29:02] [Server-Worker-4/INFO]: Preparing spawn area: 50%
[19:29:02] [Server-Worker-3/INFO]: Preparing spawn area: 55%
[19:29:03] [Server-Worker-2/INFO]: Preparing spawn area: 61%
[19:29:03] [Server-Worker-5/INFO]: Preparing spawn area: 68%
[19:29:04] [Server-Worker-7/INFO]: Preparing spawn area: 77%
[19:29:04] [Server-Worker-1/INFO]: Preparing spawn area: 86%
[19:29:05] [Server-Worker-1/INFO]: Preparing spawn area: 94%
[19:29:05] [Server thread/INFO]: Time elapsed: 9264 ms
[19:29:05] [Server thread/INFO]: Preparing start region for dimension 'world_the_end'/minecraft:the_end
[19:29:05] [Server-Worker-4/INFO]: Preparing spawn area: 0%
[19:29:05] [Server-Worker-5/INFO]: Preparing spawn area: 4%
[19:29:06] [Server-Worker-2/INFO]: Preparing spawn area: 26%
[19:29:06] [Server-Worker-2/INFO]: Preparing spawn area: 63%
[19:29:07] [Server thread/INFO]: Time elapsed: 1994 ms
[19:29:07] [Server thread/INFO]: Done (46.405s)! For help, type "help"
