[23:26:52] [Server thread/INFO]: Starting minecraft server version 1.15.2
[23:26:52] [Server thread/WARN]: To start the server with more ram, launch it as "java -Xmx1024M -Xms1024M -jar minecraft_server.jar"
[23:26:52] [Server thread/INFO]: Loading properties
[23:26:52] [Server thread/INFO]: This server is running CraftBukkit version git-Spigot-a99063f-8731c97 (MC: 1.15.2) (Implementing API version 1.15.2-R0.1-SNAPSHOT)
[23:26:52] [Server thread/INFO]: Debug logging is disabled
[23:26:52] [Server thread/INFO]: Server Ping Player Sample Count: 12
[23:26:52] [Server thread/INFO]: Using 4 threads for Netty based IO
[23:26:52] [Server thread/INFO]: Default game type: SURVIVAL
[23:26:52] [Server thread/INFO]: Generating keypair
[23:26:52] [Server thread/INFO]: Starting Minecraft server on *:25565
[23:26:52] [Server thread/INFO]: Using default channel type
[23:26:54] [Server thread/INFO]: [AuthMe] Loading AuthMe v5.6.0-beta2-b2453
[23:26:54] [Server thread/WARN]: **** SERVER IS RUNNING IN OFFLINE/INSECURE MODE!
[23:26:54] [Server thread/WARN]: The server will make no attempt to authenticate usernames. Beware.
[23:26:54] [Server thread/WARN]: While this makes the game possible to play without internet access, it also opens up the ability for hackers to connect with any username they choose.
[23:26:54] [Server thread/WARN]: To change this, set "online-mode" to "true" in the server.properties file.
[23:26:54] [Server thread/INFO]: Preparing level "world"
[23:26:54] [Server thread/INFO]: Reloading ResourceManager: Default, bukkit
[23:26:54] [Server thread/INFO]: Loaded 6 recipes
[23:26:54] [Server thread/INFO]: -------- World Settings For [world] --------
[23:26:54] [Server thread/INFO]: View Distance: 5
[23:26:54] [Server thread/INFO]: Allow Zombie Pigmen to spawn from portal blocks: true
[23:26:54] [Server thread/INFO]: Item Despawn Rate: 6000
[23:26:54] [Server thread/INFO]: Item Merge Radius: 2.5
[23:26:54] [Server thread/INFO]: Arrow Despawn Rate: 1200 Trident Respawn Rate:1200
[23:26:54] [Server thread/INFO]: Zombie Aggressive Towards Villager: true
[23:26:54] [Server thread/INFO]: Nerfing mobs spawned from spawners: false
[23:26:54] [Server thread/INFO]: Mob Spawn Range: 6
[23:26:54] [Server thread/INFO]: Entity Tracking Range: Pl 48 / An 48 / Mo 48 / Mi 32 / Other 64
[23:26:54] [Server thread/INFO]: Entity Activation Range: An 32 / Mo 32 / Ra 48 / Mi 16 / Tiv true
[23:26:54] [Server thread/INFO]: Cactus Growth Modifier: 100%
[23:26:54] [Server thread/INFO]: Cane Growth Modifier: 100%
[23:26:54] [Server thread/INFO]: Melon Growth Modifier: 100%
[23:26:54] [Server thread/INFO]: Mushroom Growth Modifier: 100%
[23:26:54] [Server thread/INFO]: Pumpkin Growth Modifier: 100%
[23:26:54] [Server thread/INFO]: Sapling Growth Modifier: 100%
[23:26:54] [Server thread/INFO]: Beetroot Growth Modifier: 100%
[23:26:54] [Server thread/INFO]: Carrot Growth Modifier: 100%
[23:26:54] [Server thread/INFO]: Potato Growth Modifier: 100%
[23:26:54] [Server thread/INFO]: Wheat Growth Modifier: 100%
[23:26:54] [Server thread/INFO]: NetherWart Growth Modifier: 100%
[23:26:54] [Server thread/INFO]: Vine Growth Modifier: 100%
[23:26:54] [Server thread/INFO]: Cocoa Growth Modifier: 100%
[23:26:54] [Server thread/INFO]: Bamboo Growth Modifier: 100%
[23:26:54] [Server thread/INFO]: SweetBerry Growth Modifier: 100%
[23:26:54] [Server thread/INFO]: Kelp Growth Modifier: 100%
[23:26:54] [Server thread/INFO]: Max TNT Explosions: 100
[23:26:54] [Server thread/INFO]: Tile Max Tick Time: 50ms Entity max Tick Time: 50ms
[23:26:54] [Server thread/INFO]: Custom Map Seeds:  Village: 10387312 Desert: 14357617 Igloo: 14357618 Jungle: 14357619 Swamp: 14357620 Monument: 10387313 Ocean: 14357621 Shipwreck: 165745295 End City: 10387313 Slime: 987234911
[23:26:54] [Server thread/INFO]: Hopper Transfer: 8 Hopper Check: 1 Hopper Amount: 1
[23:26:54] [Server thread/INFO]: Experience Merge Radius: 3.0
[23:26:55] [Server thread/INFO]: -------- World Settings For [world_nether] --------
[23:26:55] [Server thread/INFO]: View Distance: 5
[23:26:55] [Server thread/INFO]: Allow Zombie Pigmen to spawn from portal blocks: true
[23:26:55] [Server thread/INFO]: Item Despawn Rate: 6000
[23:26:55] [Server thread/INFO]: Item Merge Radius: 2.5
[23:26:55] [Server thread/INFO]: Arrow Despawn Rate: 1200 Trident Respawn Rate:1200
[23:26:55] [Server thread/INFO]: Zombie Aggressive Towards Villager: true
[23:26:55] [Server thread/INFO]: Nerfing mobs spawned from spawners: false
[23:26:55] [Server thread/INFO]: Mob Spawn Range: 6
[23:26:55] [Server thread/INFO]: Entity Tracking Range: Pl 48 / An 48 / Mo 48 / Mi 32 / Other 64
[23:26:55] [Server thread/INFO]: Entity Activation Range: An 32 / Mo 32 / Ra 48 / Mi 16 / Tiv true
[23:26:55] [Server thread/INFO]: Cactus Growth Modifier: 100%
[23:26:55] [Server thread/INFO]: Cane Growth Modifier: 100%
[23:26:55] [Server thread/INFO]: Melon Growth Modifier: 100%
[23:26:55] [Server thread/INFO]: Mushroom Growth Modifier: 100%
[23:26:55] [Server thread/INFO]: Pumpkin Growth Modifier: 100%
[23:26:55] [Server thread/INFO]: Sapling Growth Modifier: 100%
[23:26:55] [Server thread/INFO]: Beetroot Growth Modifier: 100%
[23:26:55] [Server thread/INFO]: Carrot Growth Modifier: 100%
[23:26:55] [Server thread/INFO]: Potato Growth Modifier: 100%
[23:26:55] [Server thread/INFO]: Wheat Growth Modifier: 100%
[23:26:55] [Server thread/INFO]: NetherWart Growth Modifier: 100%
[23:26:55] [Server thread/INFO]: Vine Growth Modifier: 100%
[23:26:55] [Server thread/INFO]: Cocoa Growth Modifier: 100%
[23:26:55] [Server thread/INFO]: Bamboo Growth Modifier: 100%
[23:26:55] [Server thread/INFO]: SweetBerry Growth Modifier: 100%
[23:26:55] [Server thread/INFO]: Kelp Growth Modifier: 100%
[23:26:55] [Server thread/INFO]: Max TNT Explosions: 100
[23:26:55] [Server thread/INFO]: Tile Max Tick Time: 50ms Entity max Tick Time: 50ms
[23:26:55] [Server thread/INFO]: Custom Map Seeds:  Village: 10387312 Desert: 14357617 Igloo: 14357618 Jungle: 14357619 Swamp: 14357620 Monument: 10387313 Ocean: 14357621 Shipwreck: 165745295 End City: 10387313 Slime: 987234911
[23:26:55] [Server thread/INFO]: Hopper Transfer: 8 Hopper Check: 1 Hopper Amount: 1
[23:26:55] [Server thread/INFO]: Experience Merge Radius: 3.0
[23:26:55] [Server thread/INFO]: -------- World Settings For [world_the_end] --------
[23:26:55] [Server thread/INFO]: View Distance: 5
[23:26:55] [Server thread/INFO]: Allow Zombie Pigmen to spawn from portal blocks: true
[23:26:55] [Server thread/INFO]: Item Despawn Rate: 6000
[23:26:55] [Server thread/INFO]: Item Merge Radius: 2.5
[23:26:55] [Server thread/INFO]: Arrow Despawn Rate: 1200 Trident Respawn Rate:1200
[23:26:55] [Server thread/INFO]: Zombie Aggressive Towards Villager: true
[23:26:55] [Server thread/INFO]: Nerfing mobs spawned from spawners: false
[23:26:55] [Server thread/INFO]: Mob Spawn Range: 6
[23:26:55] [Server thread/INFO]: Entity Tracking Range: Pl 48 / An 48 / Mo 48 / Mi 32 / Other 64
[23:26:55] [Server thread/INFO]: Entity Activation Range: An 32 / Mo 32 / Ra 48 / Mi 16 / Tiv true
[23:26:55] [Server thread/INFO]: Cactus Growth Modifier: 100%
[23:26:55] [Server thread/INFO]: Cane Growth Modifier: 100%
[23:26:55] [Server thread/INFO]: Melon Growth Modifier: 100%
[23:26:55] [Server thread/INFO]: Mushroom Growth Modifier: 100%
[23:26:55] [Server thread/INFO]: Pumpkin Growth Modifier: 100%
[23:26:55] [Server thread/INFO]: Sapling Growth Modifier: 100%
[23:26:55] [Server thread/INFO]: Beetroot Growth Modifier: 100%
[23:26:55] [Server thread/INFO]: Carrot Growth Modifier: 100%
[23:26:55] [Server thread/INFO]: Potato Growth Modifier: 100%
[23:26:55] [Server thread/INFO]: Wheat Growth Modifier: 100%
[23:26:55] [Server thread/INFO]: NetherWart Growth Modifier: 100%
[23:26:55] [Server thread/INFO]: Vine Growth Modifier: 100%
[23:26:55] [Server thread/INFO]: Cocoa Growth Modifier: 100%
[23:26:55] [Server thread/INFO]: Bamboo Growth Modifier: 100%
[23:26:55] [Server thread/INFO]: SweetBerry Growth Modifier: 100%
[23:26:55] [Server thread/INFO]: Kelp Growth Modifier: 100%
[23:26:55] [Server thread/INFO]: Max TNT Explosions: 100
[23:26:55] [Server thread/INFO]: Tile Max Tick Time: 50ms Entity max Tick Time: 50ms
[23:26:55] [Server thread/INFO]: Custom Map Seeds:  Village: 10387312 Desert: 14357617 Igloo: 14357618 Jungle: 14357619 Swamp: 14357620 Monument: 10387313 Ocean: 14357621 Shipwreck: 165745295 End City: 10387313 Slime: 987234911
[23:26:55] [Server thread/INFO]: Hopper Transfer: 8 Hopper Check: 1 Hopper Amount: 1
[23:26:55] [Server thread/INFO]: Experience Merge Radius: 3.0
[23:26:55] [Server thread/INFO]: Preparing start region for dimension 'world'/minecraft:overworld
[23:26:56] [Server thread/INFO]: Preparing spawn area: 0%
[23:26:56] [Server thread/INFO]: Preparing spawn area: 0%
[23:26:56] [Server thread/INFO]: Preparing spawn area: 0%
[23:27:00] [Server-Worker-5/INFO]: Preparing spawn area: 0%
[23:27:00] [Server-Worker-7/INFO]: Preparing spawn area: 0%
[23:27:00] [Server-Worker-6/INFO]: Preparing spawn area: 0%
[23:27:00] [Server-Worker-5/INFO]: Preparing spawn area: 0%
[23:27:00] [Server-Worker-7/INFO]: Preparing spawn area: 0%
[23:27:00] [Server-Worker-6/INFO]: Preparing spawn area: 0%
[23:27:00] [Server-Worker-5/INFO]: Preparing spawn area: 0%
[23:27:02] [Server-Worker-6/INFO]: Preparing spawn area: 83%
[23:27:02] [Server-Worker-6/INFO]: Preparing spawn area: 83%
[23:27:02] [Server-Worker-3/INFO]: Preparing spawn area: 83%
[23:27:02] [Server-Worker-4/INFO]: Preparing spawn area: 83%
[23:27:02] [Server-Worker-4/INFO]: Preparing spawn area: 83%
[23:27:03] [Server-Worker-6/INFO]: Preparing spawn area: 83%
[23:27:03] [Server-Worker-3/INFO]: Preparing spawn area: 87%
[23:27:04] [Server-Worker-1/INFO]: Preparing spawn area: 93%
[23:27:04] [Server-Worker-3/INFO]: Preparing spawn area: 99%
[23:27:04] [Server thread/INFO]: Time elapsed: 9054 ms
[23:27:04] [Server thread/INFO]: Preparing start region for dimension 'world_nether'/minecraft:the_nether
[23:27:05] [Server thread/INFO]: Preparing spawn area: 0%
[23:27:05] [Server thread/INFO]: Preparing spawn area: 0%
[23:27:05] [Server-Worker-4/INFO]: Preparing spawn area: 83%
[23:27:06] [Server-Worker-5/INFO]: Preparing spawn area: 83%
[23:27:06] [Server-Worker-4/INFO]: Preparing spawn area: 85%
[23:27:07] [Server-Worker-6/INFO]: Preparing spawn area: 93%
[23:27:07] [Server thread/INFO]: Time elapsed: 2862 ms
[23:27:07] [Server thread/INFO]: Preparing start region for dimension 'world_the_end'/minecraft:the_end
[23:27:07] [Server thread/INFO]: Preparing spawn area: 0%
[23:27:08] [Server-Worker-7/INFO]: Preparing spawn area: 83%
[23:27:08] [Server thread/INFO]: Time elapsed: 772 ms
[23:27:08] [Server thread/INFO]: [AuthMe] Enabling AuthMe v5.6.0-beta2-b2453
[23:27:08] [Server thread/INFO]: [AuthMe] Connection arguments loaded, Hikari ConnectionPool ready!
[23:27:08] [Server thread/WARN]: [Server thread] INFO fr.xephi.authme.libs.com.zaxxer.hikari.HikariDataSource - AuthMeMYSQLPool - Starting...
[23:27:08] [Server thread/WARN]: [Server thread] INFO fr.xephi.authme.libs.com.zaxxer.hikari.HikariDataSource - AuthMeMYSQLPool - Start completed.
[23:27:08] [Server thread/INFO]: [AuthMe] Created column 'regdate' and set the current timestamp, 1684614428615, to all 0 rows
[23:27:08] [Server thread/INFO]: [AuthMe] MySQL setup finished
[23:27:08] [Server thread/INFO]: [AuthMe] No supported permissions system found! Permissions are disabled!
[23:27:08] [Server thread/WARN]: [AuthMe] WARNING! The protectInventory feature requires ProtocolLib! Disabling it...
[23:27:08] [Server thread/INFO]: [AuthMe] AuthMe 5.6.0-beta2 build n.2453 successfully enabled!
[23:27:08] [Server thread/INFO]: Server permissions file permissions.yml is empty, ignoring it
[23:27:08] [Server thread/INFO]: Done (14.855s)! For help, type "help"
[23:27:08] [Craft Scheduler Thread - 0/INFO]: [AuthMe] Downloading GEO IP database, because the old database is older than 30 days or doesn't exist
[23:27:08] [Craft Scheduler Thread - 0/WARN]: [AuthMe] No MaxMind credentials found in the configuration file! GeoIp protections will be disabled.
[23:27:08] [Craft Scheduler Thread - 0/INFO]: [AuthMe] There is no newer GEO IP database uploaded to MaxMind. Using the old one for now.
[23:27:08] [Craft Scheduler Thread - 0/WARN]: [AuthMe] Could not download GeoLiteAPI database [FileNotFoundException]: plugins\AuthMe\GeoLite2-Country.mmdb (Не удается найти указанный файл)
[23:29:47] [User Authenticator #1/INFO]: UUID of player codabra2 is e784f6bc-2c47-3c47-a37c-d1308ee5ee1c
[23:29:47] [Server thread/INFO]: codabra2[/127.0.0.1:62232] logged in with entity id 237 at ([world]186.5, 77.0, -76.5)
[23:29:58] [Server thread/INFO]: [AuthMe] codabra2 registered 127.0.0.1
[23:29:58] [Craft Scheduler Thread - 1/INFO]: [AuthMe] codabra2 logged in 127.0.0.1
[23:32:19] [Server thread/INFO]: codabra2 lost connection: Disconnected
[23:32:19] [Server thread/INFO]: codabra2 left the game
